Thu Jul 17 18:38:24 SAST 2025 Thread[#3,main,5,main] Cleanup action starting
ERROR XBM0J: Directory C:\Users\USER-PC\Documents\Belgium Campus\Year 3\PRG 381\Project\NetBeansForms\student-wellness-m2\DerbyDB\Wellness_Management_db already exists.
	at org.apache.derby.shared.common.error.StandardException.newException(StandardException.java:299)
	at org.apache.derby.shared.common.error.StandardException.newException(StandardException.java:294)
	at org.apache.derby.impl.services.monitor.StorageFactoryService.createServiceRoot(StorageFactoryService.java:719)
	at org.apache.derby.impl.services.monitor.BaseMonitor.bootService(BaseMonitor.java:1742)
	at org.apache.derby.impl.services.monitor.BaseMonitor.createPersistentService(BaseMonitor.java:1011)
	at org.apache.derby.impl.services.monitor.FileMonitor.createPersistentService(FileMonitor.java:45)
	at org.apache.derby.iapi.services.monitor.Monitor.createPersistentService(Monitor.java:650)
	at org.apache.derby.impl.jdbc.EmbedConnection.createPersistentService(EmbedConnection.java:4004)
	at org.apache.derby.impl.jdbc.EmbedConnection.createDatabase(EmbedConnection.java:2649)
	at org.apache.derby.impl.jdbc.EmbedConnection.<init>(EmbedConnection.java:430)
	at org.apache.derby.iapi.jdbc.InternalDriver.getNewEmbedConnection(InternalDriver.java:629)
	at org.apache.derby.iapi.jdbc.InternalDriver.connect(InternalDriver.java:295)
	at org.apache.derby.iapi.jdbc.InternalDriver.connect(InternalDriver.java:921)
	at org.apache.derby.iapi.jdbc.AutoloadedDriver.connect(AutoloadedDriver.java:132)
	at java.sql/java.sql.DriverManager.getConnection(DriverManager.java:613)
	at java.sql/java.sql.DriverManager.getConnection(DriverManager.java:222)
	at Database.DBConnection.getConnection(Unknown Source)
	at Database.DatabaseInitialiser.main(Unknown Source)
	at student.wellness.m2.StudentWellnessM2.main(Unknown Source)
Cleanup action completed
Thu Jul 17 18:38:24 SAST 2025 Thread[#3,main,5,main] Cleanup action starting
java.sql.SQLException: Failed to create database 'DerbyDB/Wellness_Management_db', see the next exception for details.
	at org.apache.derby.impl.jdbc.SQLExceptionFactory.getSQLException(SQLExceptionFactory.java:115)
	at org.apache.derby.impl.jdbc.SQLExceptionFactory.getSQLException(SQLExceptionFactory.java:141)
	at org.apache.derby.impl.jdbc.Util.seeNextException(Util.java:252)
	at org.apache.derby.impl.jdbc.EmbedConnection.createDatabase(EmbedConnection.java:2656)
	at org.apache.derby.impl.jdbc.EmbedConnection.<init>(EmbedConnection.java:430)
	at org.apache.derby.iapi.jdbc.InternalDriver.getNewEmbedConnection(InternalDriver.java:629)
	at org.apache.derby.iapi.jdbc.InternalDriver.connect(InternalDriver.java:295)
	at org.apache.derby.iapi.jdbc.InternalDriver.connect(InternalDriver.java:921)
	at org.apache.derby.iapi.jdbc.AutoloadedDriver.connect(AutoloadedDriver.java:132)
	at java.sql/java.sql.DriverManager.getConnection(DriverManager.java:613)
	at java.sql/java.sql.DriverManager.getConnection(DriverManager.java:222)
	at Database.DBConnection.getConnection(Unknown Source)
	at Database.DatabaseInitialiser.main(Unknown Source)
	at student.wellness.m2.StudentWellnessM2.main(Unknown Source)
Caused by: ERROR XJ041: Failed to create database 'DerbyDB/Wellness_Management_db', see the next exception for details.
	at org.apache.derby.shared.common.error.StandardException.newException(StandardException.java:299)
	at org.apache.derby.impl.jdbc.SQLExceptionFactory.wrapArgsForTransportAcrossDRDA(SQLExceptionFactory.java:170)
	at org.apache.derby.impl.jdbc.SQLExceptionFactory.getSQLException(SQLExceptionFactory.java:75)
	... 13 more
Caused by: ERROR XBM0J: Directory C:\Users\USER-PC\Documents\Belgium Campus\Year 3\PRG 381\Project\NetBeansForms\student-wellness-m2\DerbyDB\Wellness_Management_db already exists.
	at org.apache.derby.shared.common.error.StandardException.newException(StandardException.java:299)
	at org.apache.derby.shared.common.error.StandardException.newException(StandardException.java:294)
	at org.apache.derby.impl.services.monitor.StorageFactoryService.createServiceRoot(StorageFactoryService.java:719)
	at org.apache.derby.impl.services.monitor.BaseMonitor.bootService(BaseMonitor.java:1742)
	at org.apache.derby.impl.services.monitor.BaseMonitor.createPersistentService(BaseMonitor.java:1011)
	at org.apache.derby.impl.services.monitor.FileMonitor.createPersistentService(FileMonitor.java:45)
	at org.apache.derby.iapi.services.monitor.Monitor.createPersistentService(Monitor.java:650)
	at org.apache.derby.impl.jdbc.EmbedConnection.createPersistentService(EmbedConnection.java:4004)
	at org.apache.derby.impl.jdbc.EmbedConnection.createDatabase(EmbedConnection.java:2649)
	... 10 more
============= begin nested exception, level (1) ===========
java.sql.SQLException: Directory C:\Users\USER-PC\Documents\Belgium Campus\Year 3\PRG 381\Project\NetBeansForms\student-wellness-m2\DerbyDB\Wellness_Management_db already exists.
	at org.apache.derby.impl.jdbc.SQLExceptionFactory.getSQLException(SQLExceptionFactory.java:115)
	at org.apache.derby.impl.jdbc.Util.generateCsSQLException(Util.java:230)
	at org.apache.derby.impl.jdbc.TransactionResourceImpl.wrapInSQLException(TransactionResourceImpl.java:431)
	at org.apache.derby.impl.jdbc.TransactionResourceImpl.handleException(TransactionResourceImpl.java:360)
	at org.apache.derby.impl.jdbc.EmbedConnection.handleException(EmbedConnection.java:2400)
	at org.apache.derby.impl.jdbc.EmbedConnection.createDatabase(EmbedConnection.java:2657)
	at org.apache.derby.impl.jdbc.EmbedConnection.<init>(EmbedConnection.java:430)
	at org.apache.derby.iapi.jdbc.InternalDriver.getNewEmbedConnection(InternalDriver.java:629)
	at org.apache.derby.iapi.jdbc.InternalDriver.connect(InternalDriver.java:295)
	at org.apache.derby.iapi.jdbc.InternalDriver.connect(InternalDriver.java:921)
	at org.apache.derby.iapi.jdbc.AutoloadedDriver.connect(AutoloadedDriver.java:132)
	at java.sql/java.sql.DriverManager.getConnection(DriverManager.java:613)
	at java.sql/java.sql.DriverManager.getConnection(DriverManager.java:222)
	at Database.DBConnection.getConnection(Unknown Source)
	at Database.DatabaseInitialiser.main(Unknown Source)
	at student.wellness.m2.StudentWellnessM2.main(Unknown Source)
Caused by: ERROR XBM0J: Directory C:\Users\USER-PC\Documents\Belgium Campus\Year 3\PRG 381\Project\NetBeansForms\student-wellness-m2\DerbyDB\Wellness_Management_db already exists.
	at org.apache.derby.shared.common.error.StandardException.newException(StandardException.java:299)
	at org.apache.derby.shared.common.error.StandardException.newException(StandardException.java:294)
	at org.apache.derby.impl.services.monitor.StorageFactoryService.createServiceRoot(StorageFactoryService.java:719)
	at org.apache.derby.impl.services.monitor.BaseMonitor.bootService(BaseMonitor.java:1742)
	at org.apache.derby.impl.services.monitor.BaseMonitor.createPersistentService(BaseMonitor.java:1011)
	at org.apache.derby.impl.services.monitor.FileMonitor.createPersistentService(FileMonitor.java:45)
	at org.apache.derby.iapi.services.monitor.Monitor.createPersistentService(Monitor.java:650)
	at org.apache.derby.impl.jdbc.EmbedConnection.createPersistentService(EmbedConnection.java:4004)
	at org.apache.derby.impl.jdbc.EmbedConnection.createDatabase(EmbedConnection.java:2649)
	... 10 more
============= end nested exception, level (1) ===========
============= begin nested exception, level (2) ===========
ERROR XBM0J: Directory C:\Users\USER-PC\Documents\Belgium Campus\Year 3\PRG 381\Project\NetBeansForms\student-wellness-m2\DerbyDB\Wellness_Management_db already exists.
	at org.apache.derby.shared.common.error.StandardException.newException(StandardException.java:299)
	at org.apache.derby.shared.common.error.StandardException.newException(StandardException.java:294)
	at org.apache.derby.impl.services.monitor.StorageFactoryService.createServiceRoot(StorageFactoryService.java:719)
	at org.apache.derby.impl.services.monitor.BaseMonitor.bootService(BaseMonitor.java:1742)
	at org.apache.derby.impl.services.monitor.BaseMonitor.createPersistentService(BaseMonitor.java:1011)
	at org.apache.derby.impl.services.monitor.FileMonitor.createPersistentService(FileMonitor.java:45)
	at org.apache.derby.iapi.services.monitor.Monitor.createPersistentService(Monitor.java:650)
	at org.apache.derby.impl.jdbc.EmbedConnection.createPersistentService(EmbedConnection.java:4004)
	at org.apache.derby.impl.jdbc.EmbedConnection.createDatabase(EmbedConnection.java:2649)
	at org.apache.derby.impl.jdbc.EmbedConnection.<init>(EmbedConnection.java:430)
	at org.apache.derby.iapi.jdbc.InternalDriver.getNewEmbedConnection(InternalDriver.java:629)
	at org.apache.derby.iapi.jdbc.InternalDriver.connect(InternalDriver.java:295)
	at org.apache.derby.iapi.jdbc.InternalDriver.connect(InternalDriver.java:921)
	at org.apache.derby.iapi.jdbc.AutoloadedDriver.connect(AutoloadedDriver.java:132)
	at java.sql/java.sql.DriverManager.getConnection(DriverManager.java:613)
	at java.sql/java.sql.DriverManager.getConnection(DriverManager.java:222)
	at Database.DBConnection.getConnection(Unknown Source)
	at Database.DatabaseInitialiser.main(Unknown Source)
	at student.wellness.m2.StudentWellnessM2.main(Unknown Source)
============= end nested exception, level (2) ===========
Cleanup action completed
Thu Jul 17 18:38:54 SAST 2025 Thread[#32,AWT-EventQueue-0,6,main] Cleanup action starting
ERROR XBM0J: Directory C:\Users\USER-PC\Documents\Belgium Campus\Year 3\PRG 381\Project\NetBeansForms\student-wellness-m2\DerbyDB\Wellness_Management_db already exists.
	at org.apache.derby.shared.common.error.StandardException.newException(StandardException.java:299)
	at org.apache.derby.shared.common.error.StandardException.newException(StandardException.java:294)
	at org.apache.derby.impl.services.monitor.StorageFactoryService.createServiceRoot(StorageFactoryService.java:719)
	at org.apache.derby.impl.services.monitor.BaseMonitor.bootService(BaseMonitor.java:1742)
	at org.apache.derby.impl.services.monitor.BaseMonitor.createPersistentService(BaseMonitor.java:1011)
	at org.apache.derby.impl.services.monitor.FileMonitor.createPersistentService(FileMonitor.java:45)
	at org.apache.derby.iapi.services.monitor.Monitor.createPersistentService(Monitor.java:650)
	at org.apache.derby.impl.jdbc.EmbedConnection.createPersistentService(EmbedConnection.java:4004)
	at org.apache.derby.impl.jdbc.EmbedConnection.createDatabase(EmbedConnection.java:2649)
	at org.apache.derby.impl.jdbc.EmbedConnection.<init>(EmbedConnection.java:430)
	at org.apache.derby.iapi.jdbc.InternalDriver.getNewEmbedConnection(InternalDriver.java:629)
	at org.apache.derby.iapi.jdbc.InternalDriver.connect(InternalDriver.java:295)
	at org.apache.derby.iapi.jdbc.InternalDriver.connect(InternalDriver.java:921)
	at org.apache.derby.iapi.jdbc.AutoloadedDriver.connect(AutoloadedDriver.java:132)
	at java.sql/java.sql.DriverManager.getConnection(DriverManager.java:613)
	at java.sql/java.sql.DriverManager.getConnection(DriverManager.java:222)
	at Database.DBConnection.getConnection(Unknown Source)
	at View.MainNavigation.Feedback.ViewFeedback.loadFeedbackTable(Unknown Source)
	at View.MainNavigation.Feedback.ViewFeedback.<init>(Unknown Source)
	at View.MainNavigation.MainNavigation.ViewFeedback(Unknown Source)
	at View.MainNavigation.MainNavigation$7.actionPerformed(Unknown Source)
	at java.desktop/javax.swing.AbstractButton.fireActionPerformed(AbstractButton.java:1972)
	at java.desktop/javax.swing.AbstractButton$Handler.actionPerformed(AbstractButton.java:2314)
	at java.desktop/javax.swing.DefaultButtonModel.fireActionPerformed(DefaultButtonModel.java:407)
	at java.desktop/javax.swing.DefaultButtonModel.setPressed(DefaultButtonModel.java:262)
	at java.desktop/javax.swing.plaf.basic.BasicButtonListener.mouseReleased(BasicButtonListener.java:279)
	at java.desktop/java.awt.Component.processMouseEvent(Component.java:6576)
	at java.desktop/javax.swing.JComponent.processMouseEvent(JComponent.java:3404)
	at java.desktop/java.awt.Component.processEvent(Component.java:6341)
	at java.desktop/java.awt.Container.processEvent(Container.java:2260)
	at java.desktop/java.awt.Component.dispatchEventImpl(Component.java:4958)
	at java.desktop/java.awt.Container.dispatchEventImpl(Container.java:2318)
	at java.desktop/java.awt.Component.dispatchEvent(Component.java:4790)
	at java.desktop/java.awt.LightweightDispatcher.retargetMouseEvent(Container.java:4916)
	at java.desktop/java.awt.LightweightDispatcher.processMouseEvent(Container.java:4559)
	at java.desktop/java.awt.LightweightDispatcher.dispatchEvent(Container.java:4500)
	at java.desktop/java.awt.Container.dispatchEventImpl(Container.java:2304)
	at java.desktop/java.awt.Window.dispatchEventImpl(Window.java:2671)
	at java.desktop/java.awt.Component.dispatchEvent(Component.java:4790)
	at java.desktop/java.awt.EventQueue.dispatchEventImpl(EventQueue.java:725)
	at java.desktop/java.awt.EventQueue.dispatchEvent(EventQueue.java:702)
	at java.desktop/java.awt.EventDispatchThread.pumpOneEventForFilters(EventDispatchThread.java:203)
	at java.desktop/java.awt.EventDispatchThread.pumpEventsForFilter(EventDispatchThread.java:124)
	at java.desktop/java.awt.EventDispatchThread.pumpEventsForHierarchy(EventDispatchThread.java:113)
	at java.desktop/java.awt.EventDispatchThread.pumpEvents(EventDispatchThread.java:109)
	at java.desktop/java.awt.EventDispatchThread.pumpEvents(EventDispatchThread.java:101)
	at java.desktop/java.awt.EventDispatchThread.run(EventDispatchThread.java:90)
Cleanup action completed
Thu Jul 17 18:38:54 SAST 2025 Thread[#32,AWT-EventQueue-0,6,main] Cleanup action starting
java.sql.SQLException: Failed to create database 'DerbyDB/Wellness_Management_db', see the next exception for details.
	at org.apache.derby.impl.jdbc.SQLExceptionFactory.getSQLException(SQLExceptionFactory.java:115)
	at org.apache.derby.impl.jdbc.SQLExceptionFactory.getSQLException(SQLExceptionFactory.java:141)
	at org.apache.derby.impl.jdbc.Util.seeNextException(Util.java:252)
	at org.apache.derby.impl.jdbc.EmbedConnection.createDatabase(EmbedConnection.java:2656)
	at org.apache.derby.impl.jdbc.EmbedConnection.<init>(EmbedConnection.java:430)
	at org.apache.derby.iapi.jdbc.InternalDriver.getNewEmbedConnection(InternalDriver.java:629)
	at org.apache.derby.iapi.jdbc.InternalDriver.connect(InternalDriver.java:295)
	at org.apache.derby.iapi.jdbc.InternalDriver.connect(InternalDriver.java:921)
	at org.apache.derby.iapi.jdbc.AutoloadedDriver.connect(AutoloadedDriver.java:132)
	at java.sql/java.sql.DriverManager.getConnection(DriverManager.java:613)
	at java.sql/java.sql.DriverManager.getConnection(DriverManager.java:222)
	at Database.DBConnection.getConnection(Unknown Source)
	at View.MainNavigation.Feedback.ViewFeedback.loadFeedbackTable(Unknown Source)
	at View.MainNavigation.Feedback.ViewFeedback.<init>(Unknown Source)
	at View.MainNavigation.MainNavigation.ViewFeedback(Unknown Source)
	at View.MainNavigation.MainNavigation$7.actionPerformed(Unknown Source)
	at java.desktop/javax.swing.AbstractButton.fireActionPerformed(AbstractButton.java:1972)
	at java.desktop/javax.swing.AbstractButton$Handler.actionPerformed(AbstractButton.java:2314)
	at java.desktop/javax.swing.DefaultButtonModel.fireActionPerformed(DefaultButtonModel.java:407)
	at java.desktop/javax.swing.DefaultButtonModel.setPressed(DefaultButtonModel.java:262)
	at java.desktop/javax.swing.plaf.basic.BasicButtonListener.mouseReleased(BasicButtonListener.java:279)
	at java.desktop/java.awt.Component.processMouseEvent(Component.java:6576)
	at java.desktop/javax.swing.JComponent.processMouseEvent(JComponent.java:3404)
	at java.desktop/java.awt.Component.processEvent(Component.java:6341)
	at java.desktop/java.awt.Container.processEvent(Container.java:2260)
	at java.desktop/java.awt.Component.dispatchEventImpl(Component.java:4958)
	at java.desktop/java.awt.Container.dispatchEventImpl(Container.java:2318)
	at java.desktop/java.awt.Component.dispatchEvent(Component.java:4790)
	at java.desktop/java.awt.LightweightDispatcher.retargetMouseEvent(Container.java:4916)
	at java.desktop/java.awt.LightweightDispatcher.processMouseEvent(Container.java:4559)
	at java.desktop/java.awt.LightweightDispatcher.dispatchEvent(Container.java:4500)
	at java.desktop/java.awt.Container.dispatchEventImpl(Container.java:2304)
	at java.desktop/java.awt.Window.dispatchEventImpl(Window.java:2671)
	at java.desktop/java.awt.Component.dispatchEvent(Component.java:4790)
	at java.desktop/java.awt.EventQueue.dispatchEventImpl(EventQueue.java:725)
	at java.desktop/java.awt.EventQueue.dispatchEvent(EventQueue.java:702)
	at java.desktop/java.awt.EventDispatchThread.pumpOneEventForFilters(EventDispatchThread.java:203)
	at java.desktop/java.awt.EventDispatchThread.pumpEventsForFilter(EventDispatchThread.java:124)
	at java.desktop/java.awt.EventDispatchThread.pumpEventsForHierarchy(EventDispatchThread.java:113)
	at java.desktop/java.awt.EventDispatchThread.pumpEvents(EventDispatchThread.java:109)
	at java.desktop/java.awt.EventDispatchThread.pumpEvents(EventDispatchThread.java:101)
	at java.desktop/java.awt.EventDispatchThread.run(EventDispatchThread.java:90)
Caused by: ERROR XJ041: Failed to create database 'DerbyDB/Wellness_Management_db', see the next exception for details.
	at org.apache.derby.shared.common.error.StandardException.newException(StandardException.java:299)
	at org.apache.derby.impl.jdbc.SQLExceptionFactory.wrapArgsForTransportAcrossDRDA(SQLExceptionFactory.java:170)
	at org.apache.derby.impl.jdbc.SQLExceptionFactory.getSQLException(SQLExceptionFactory.java:75)
	... 41 more
Caused by: ERROR XBM0J: Directory C:\Users\USER-PC\Documents\Belgium Campus\Year 3\PRG 381\Project\NetBeansForms\student-wellness-m2\DerbyDB\Wellness_Management_db already exists.
	at org.apache.derby.shared.common.error.StandardException.newException(StandardException.java:299)
	at org.apache.derby.shared.common.error.StandardException.newException(StandardException.java:294)
	at org.apache.derby.impl.services.monitor.StorageFactoryService.createServiceRoot(StorageFactoryService.java:719)
	at org.apache.derby.impl.services.monitor.BaseMonitor.bootService(BaseMonitor.java:1742)
	at org.apache.derby.impl.services.monitor.BaseMonitor.createPersistentService(BaseMonitor.java:1011)
	at org.apache.derby.impl.services.monitor.FileMonitor.createPersistentService(FileMonitor.java:45)
	at org.apache.derby.iapi.services.monitor.Monitor.createPersistentService(Monitor.java:650)
	at org.apache.derby.impl.jdbc.EmbedConnection.createPersistentService(EmbedConnection.java:4004)
	at org.apache.derby.impl.jdbc.EmbedConnection.createDatabase(EmbedConnection.java:2649)
	... 38 more
============= begin nested exception, level (1) ===========
java.sql.SQLException: Directory C:\Users\USER-PC\Documents\Belgium Campus\Year 3\PRG 381\Project\NetBeansForms\student-wellness-m2\DerbyDB\Wellness_Management_db already exists.
	at org.apache.derby.impl.jdbc.SQLExceptionFactory.getSQLException(SQLExceptionFactory.java:115)
	at org.apache.derby.impl.jdbc.Util.generateCsSQLException(Util.java:230)
	at org.apache.derby.impl.jdbc.TransactionResourceImpl.wrapInSQLException(TransactionResourceImpl.java:431)
	at org.apache.derby.impl.jdbc.TransactionResourceImpl.handleException(TransactionResourceImpl.java:360)
	at org.apache.derby.impl.jdbc.EmbedConnection.handleException(EmbedConnection.java:2400)
	at org.apache.derby.impl.jdbc.EmbedConnection.createDatabase(EmbedConnection.java:2657)
	at org.apache.derby.impl.jdbc.EmbedConnection.<init>(EmbedConnection.java:430)
	at org.apache.derby.iapi.jdbc.InternalDriver.getNewEmbedConnection(InternalDriver.java:629)
	at org.apache.derby.iapi.jdbc.InternalDriver.connect(InternalDriver.java:295)
	at org.apache.derby.iapi.jdbc.InternalDriver.connect(InternalDriver.java:921)
	at org.apache.derby.iapi.jdbc.AutoloadedDriver.connect(AutoloadedDriver.java:132)
	at java.sql/java.sql.DriverManager.getConnection(DriverManager.java:613)
	at java.sql/java.sql.DriverManager.getConnection(DriverManager.java:222)
	at Database.DBConnection.getConnection(Unknown Source)
	at View.MainNavigation.Feedback.ViewFeedback.loadFeedbackTable(Unknown Source)
	at View.MainNavigation.Feedback.ViewFeedback.<init>(Unknown Source)
	at View.MainNavigation.MainNavigation.ViewFeedback(Unknown Source)
	at View.MainNavigation.MainNavigation$7.actionPerformed(Unknown Source)
	at java.desktop/javax.swing.AbstractButton.fireActionPerformed(AbstractButton.java:1972)
	at java.desktop/javax.swing.AbstractButton$Handler.actionPerformed(AbstractButton.java:2314)
	at java.desktop/javax.swing.DefaultButtonModel.fireActionPerformed(DefaultButtonModel.java:407)
	at java.desktop/javax.swing.DefaultButtonModel.setPressed(DefaultButtonModel.java:262)
	at java.desktop/javax.swing.plaf.basic.BasicButtonListener.mouseReleased(BasicButtonListener.java:279)
	at java.desktop/java.awt.Component.processMouseEvent(Component.java:6576)
	at java.desktop/javax.swing.JComponent.processMouseEvent(JComponent.java:3404)
	at java.desktop/java.awt.Component.processEvent(Component.java:6341)
	at java.desktop/java.awt.Container.processEvent(Container.java:2260)
	at java.desktop/java.awt.Component.dispatchEventImpl(Component.java:4958)
	at java.desktop/java.awt.Container.dispatchEventImpl(Container.java:2318)
	at java.desktop/java.awt.Component.dispatchEvent(Component.java:4790)
	at java.desktop/java.awt.LightweightDispatcher.retargetMouseEvent(Container.java:4916)
	at java.desktop/java.awt.LightweightDispatcher.processMouseEvent(Container.java:4559)
	at java.desktop/java.awt.LightweightDispatcher.dispatchEvent(Container.java:4500)
	at java.desktop/java.awt.Container.dispatchEventImpl(Container.java:2304)
	at java.desktop/java.awt.Window.dispatchEventImpl(Window.java:2671)
	at java.desktop/java.awt.Component.dispatchEvent(Component.java:4790)
	at java.desktop/java.awt.EventQueue.dispatchEventImpl(EventQueue.java:725)
	at java.desktop/java.awt.EventQueue.dispatchEvent(EventQueue.java:702)
	at java.desktop/java.awt.EventDispatchThread.pumpOneEventForFilters(EventDispatchThread.java:203)
	at java.desktop/java.awt.EventDispatchThread.pumpEventsForFilter(EventDispatchThread.java:124)
	at java.desktop/java.awt.EventDispatchThread.pumpEventsForHierarchy(EventDispatchThread.java:113)
	at java.desktop/java.awt.EventDispatchThread.pumpEvents(EventDispatchThread.java:109)
	at java.desktop/java.awt.EventDispatchThread.pumpEvents(EventDispatchThread.java:101)
	at java.desktop/java.awt.EventDispatchThread.run(EventDispatchThread.java:90)
Caused by: ERROR XBM0J: Directory C:\Users\USER-PC\Documents\Belgium Campus\Year 3\PRG 381\Project\NetBeansForms\student-wellness-m2\DerbyDB\Wellness_Management_db already exists.
	at org.apache.derby.shared.common.error.StandardException.newException(StandardException.java:299)
	at org.apache.derby.shared.common.error.StandardException.newException(StandardException.java:294)
	at org.apache.derby.impl.services.monitor.StorageFactoryService.createServiceRoot(StorageFactoryService.java:719)
	at org.apache.derby.impl.services.monitor.BaseMonitor.bootService(BaseMonitor.java:1742)
	at org.apache.derby.impl.services.monitor.BaseMonitor.createPersistentService(BaseMonitor.java:1011)
	at org.apache.derby.impl.services.monitor.FileMonitor.createPersistentService(FileMonitor.java:45)
	at org.apache.derby.iapi.services.monitor.Monitor.createPersistentService(Monitor.java:650)
	at org.apache.derby.impl.jdbc.EmbedConnection.createPersistentService(EmbedConnection.java:4004)
	at org.apache.derby.impl.jdbc.EmbedConnection.createDatabase(EmbedConnection.java:2649)
	... 38 more
============= end nested exception, level (1) ===========
============= begin nested exception, level (2) ===========
ERROR XBM0J: Directory C:\Users\USER-PC\Documents\Belgium Campus\Year 3\PRG 381\Project\NetBeansForms\student-wellness-m2\DerbyDB\Wellness_Management_db already exists.
	at org.apache.derby.shared.common.error.StandardException.newException(StandardException.java:299)
	at org.apache.derby.shared.common.error.StandardException.newException(StandardException.java:294)
	at org.apache.derby.impl.services.monitor.StorageFactoryService.createServiceRoot(StorageFactoryService.java:719)
	at org.apache.derby.impl.services.monitor.BaseMonitor.bootService(BaseMonitor.java:1742)
	at org.apache.derby.impl.services.monitor.BaseMonitor.createPersistentService(BaseMonitor.java:1011)
	at org.apache.derby.impl.services.monitor.FileMonitor.createPersistentService(FileMonitor.java:45)
	at org.apache.derby.iapi.services.monitor.Monitor.createPersistentService(Monitor.java:650)
	at org.apache.derby.impl.jdbc.EmbedConnection.createPersistentService(EmbedConnection.java:4004)
	at org.apache.derby.impl.jdbc.EmbedConnection.createDatabase(EmbedConnection.java:2649)
	at org.apache.derby.impl.jdbc.EmbedConnection.<init>(EmbedConnection.java:430)
	at org.apache.derby.iapi.jdbc.InternalDriver.getNewEmbedConnection(InternalDriver.java:629)
	at org.apache.derby.iapi.jdbc.InternalDriver.connect(InternalDriver.java:295)
	at org.apache.derby.iapi.jdbc.InternalDriver.connect(InternalDriver.java:921)
	at org.apache.derby.iapi.jdbc.AutoloadedDriver.connect(AutoloadedDriver.java:132)
	at java.sql/java.sql.DriverManager.getConnection(DriverManager.java:613)
	at java.sql/java.sql.DriverManager.getConnection(DriverManager.java:222)
	at Database.DBConnection.getConnection(Unknown Source)
	at View.MainNavigation.Feedback.ViewFeedback.loadFeedbackTable(Unknown Source)
	at View.MainNavigation.Feedback.ViewFeedback.<init>(Unknown Source)
	at View.MainNavigation.MainNavigation.ViewFeedback(Unknown Source)
	at View.MainNavigation.MainNavigation$7.actionPerformed(Unknown Source)
	at java.desktop/javax.swing.AbstractButton.fireActionPerformed(AbstractButton.java:1972)
	at java.desktop/javax.swing.AbstractButton$Handler.actionPerformed(AbstractButton.java:2314)
	at java.desktop/javax.swing.DefaultButtonModel.fireActionPerformed(DefaultButtonModel.java:407)
	at java.desktop/javax.swing.DefaultButtonModel.setPressed(DefaultButtonModel.java:262)
	at java.desktop/javax.swing.plaf.basic.BasicButtonListener.mouseReleased(BasicButtonListener.java:279)
	at java.desktop/java.awt.Component.processMouseEvent(Component.java:6576)
	at java.desktop/javax.swing.JComponent.processMouseEvent(JComponent.java:3404)
	at java.desktop/java.awt.Component.processEvent(Component.java:6341)
	at java.desktop/java.awt.Container.processEvent(Container.java:2260)
	at java.desktop/java.awt.Component.dispatchEventImpl(Component.java:4958)
	at java.desktop/java.awt.Container.dispatchEventImpl(Container.java:2318)
	at java.desktop/java.awt.Component.dispatchEvent(Component.java:4790)
	at java.desktop/java.awt.LightweightDispatcher.retargetMouseEvent(Container.java:4916)
	at java.desktop/java.awt.LightweightDispatcher.processMouseEvent(Container.java:4559)
	at java.desktop/java.awt.LightweightDispatcher.dispatchEvent(Container.java:4500)
	at java.desktop/java.awt.Container.dispatchEventImpl(Container.java:2304)
	at java.desktop/java.awt.Window.dispatchEventImpl(Window.java:2671)
	at java.desktop/java.awt.Component.dispatchEvent(Component.java:4790)
	at java.desktop/java.awt.EventQueue.dispatchEventImpl(EventQueue.java:725)
	at java.desktop/java.awt.EventQueue.dispatchEvent(EventQueue.java:702)
	at java.desktop/java.awt.EventDispatchThread.pumpOneEventForFilters(EventDispatchThread.java:203)
	at java.desktop/java.awt.EventDispatchThread.pumpEventsForFilter(EventDispatchThread.java:124)
	at java.desktop/java.awt.EventDispatchThread.pumpEventsForHierarchy(EventDispatchThread.java:113)
	at java.desktop/java.awt.EventDispatchThread.pumpEvents(EventDispatchThread.java:109)
	at java.desktop/java.awt.EventDispatchThread.pumpEvents(EventDispatchThread.java:101)
	at java.desktop/java.awt.EventDispatchThread.run(EventDispatchThread.java:90)
============= end nested exception, level (2) ===========
Cleanup action completed
Thu Jul 17 18:39:25 SAST 2025 Thread[#32,AWT-EventQueue-0,6,main] Cleanup action starting
ERROR XBM0J: Directory C:\Users\USER-PC\Documents\Belgium Campus\Year 3\PRG 381\Project\NetBeansForms\student-wellness-m2\DerbyDB\Wellness_Management_db already exists.
	at org.apache.derby.shared.common.error.StandardException.newException(StandardException.java:299)
	at org.apache.derby.shared.common.error.StandardException.newException(StandardException.java:294)
	at org.apache.derby.impl.services.monitor.StorageFactoryService.createServiceRoot(StorageFactoryService.java:719)
	at org.apache.derby.impl.services.monitor.BaseMonitor.bootService(BaseMonitor.java:1742)
	at org.apache.derby.impl.services.monitor.BaseMonitor.createPersistentService(BaseMonitor.java:1011)
	at org.apache.derby.impl.services.monitor.FileMonitor.createPersistentService(FileMonitor.java:45)
	at org.apache.derby.iapi.services.monitor.Monitor.createPersistentService(Monitor.java:650)
	at org.apache.derby.impl.jdbc.EmbedConnection.createPersistentService(EmbedConnection.java:4004)
	at org.apache.derby.impl.jdbc.EmbedConnection.createDatabase(EmbedConnection.java:2649)
	at org.apache.derby.impl.jdbc.EmbedConnection.<init>(EmbedConnection.java:430)
	at org.apache.derby.iapi.jdbc.InternalDriver.getNewEmbedConnection(InternalDriver.java:629)
	at org.apache.derby.iapi.jdbc.InternalDriver.connect(InternalDriver.java:295)
	at org.apache.derby.iapi.jdbc.InternalDriver.connect(InternalDriver.java:921)
	at org.apache.derby.iapi.jdbc.AutoloadedDriver.connect(AutoloadedDriver.java:132)
	at java.sql/java.sql.DriverManager.getConnection(DriverManager.java:613)
	at java.sql/java.sql.DriverManager.getConnection(DriverManager.java:222)
	at Database.DBConnection.getConnection(Unknown Source)
	at View.MainNavigation.Feedback.ViewFeedback.loadFeedbackTable(Unknown Source)
	at View.MainNavigation.Feedback.ViewFeedback.<init>(Unknown Source)
	at View.MainNavigation.MainNavigation.ViewFeedback(Unknown Source)
	at View.MainNavigation.MainNavigation$7.actionPerformed(Unknown Source)
	at java.desktop/javax.swing.AbstractButton.fireActionPerformed(AbstractButton.java:1972)
	at java.desktop/javax.swing.AbstractButton$Handler.actionPerformed(AbstractButton.java:2314)
	at java.desktop/javax.swing.DefaultButtonModel.fireActionPerformed(DefaultButtonModel.java:407)
	at java.desktop/javax.swing.DefaultButtonModel.setPressed(DefaultButtonModel.java:262)
	at java.desktop/javax.swing.plaf.basic.BasicButtonListener.mouseReleased(BasicButtonListener.java:279)
	at java.desktop/java.awt.Component.processMouseEvent(Component.java:6576)
	at java.desktop/javax.swing.JComponent.processMouseEvent(JComponent.java:3404)
	at java.desktop/java.awt.Component.processEvent(Component.java:6341)
	at java.desktop/java.awt.Container.processEvent(Container.java:2260)
	at java.desktop/java.awt.Component.dispatchEventImpl(Component.java:4958)
	at java.desktop/java.awt.Container.dispatchEventImpl(Container.java:2318)
	at java.desktop/java.awt.Component.dispatchEvent(Component.java:4790)
	at java.desktop/java.awt.LightweightDispatcher.retargetMouseEvent(Container.java:4916)
	at java.desktop/java.awt.LightweightDispatcher.processMouseEvent(Container.java:4559)
	at java.desktop/java.awt.LightweightDispatcher.dispatchEvent(Container.java:4500)
	at java.desktop/java.awt.Container.dispatchEventImpl(Container.java:2304)
	at java.desktop/java.awt.Window.dispatchEventImpl(Window.java:2671)
	at java.desktop/java.awt.Component.dispatchEvent(Component.java:4790)
	at java.desktop/java.awt.EventQueue.dispatchEventImpl(EventQueue.java:725)
	at java.desktop/java.awt.EventQueue.dispatchEvent(EventQueue.java:702)
	at java.desktop/java.awt.EventDispatchThread.pumpOneEventForFilters(EventDispatchThread.java:203)
	at java.desktop/java.awt.EventDispatchThread.pumpEventsForFilter(EventDispatchThread.java:124)
	at java.desktop/java.awt.EventDispatchThread.pumpEventsForHierarchy(EventDispatchThread.java:113)
	at java.desktop/java.awt.EventDispatchThread.pumpEvents(EventDispatchThread.java:109)
	at java.desktop/java.awt.EventDispatchThread.pumpEvents(EventDispatchThread.java:101)
	at java.desktop/java.awt.EventDispatchThread.run(EventDispatchThread.java:90)
Cleanup action completed
Thu Jul 17 18:39:25 SAST 2025 Thread[#32,AWT-EventQueue-0,6,main] Cleanup action starting
java.sql.SQLException: Failed to create database 'DerbyDB/Wellness_Management_db', see the next exception for details.
	at org.apache.derby.impl.jdbc.SQLExceptionFactory.getSQLException(SQLExceptionFactory.java:115)
	at org.apache.derby.impl.jdbc.SQLExceptionFactory.getSQLException(SQLExceptionFactory.java:141)
	at org.apache.derby.impl.jdbc.Util.seeNextException(Util.java:252)
	at org.apache.derby.impl.jdbc.EmbedConnection.createDatabase(EmbedConnection.java:2656)
	at org.apache.derby.impl.jdbc.EmbedConnection.<init>(EmbedConnection.java:430)
	at org.apache.derby.iapi.jdbc.InternalDriver.getNewEmbedConnection(InternalDriver.java:629)
	at org.apache.derby.iapi.jdbc.InternalDriver.connect(InternalDriver.java:295)
	at org.apache.derby.iapi.jdbc.InternalDriver.connect(InternalDriver.java:921)
	at org.apache.derby.iapi.jdbc.AutoloadedDriver.connect(AutoloadedDriver.java:132)
	at java.sql/java.sql.DriverManager.getConnection(DriverManager.java:613)
	at java.sql/java.sql.DriverManager.getConnection(DriverManager.java:222)
	at Database.DBConnection.getConnection(Unknown Source)
	at View.MainNavigation.Feedback.ViewFeedback.loadFeedbackTable(Unknown Source)
	at View.MainNavigation.Feedback.ViewFeedback.<init>(Unknown Source)
	at View.MainNavigation.MainNavigation.ViewFeedback(Unknown Source)
	at View.MainNavigation.MainNavigation$7.actionPerformed(Unknown Source)
	at java.desktop/javax.swing.AbstractButton.fireActionPerformed(AbstractButton.java:1972)
	at java.desktop/javax.swing.AbstractButton$Handler.actionPerformed(AbstractButton.java:2314)
	at java.desktop/javax.swing.DefaultButtonModel.fireActionPerformed(DefaultButtonModel.java:407)
	at java.desktop/javax.swing.DefaultButtonModel.setPressed(DefaultButtonModel.java:262)
	at java.desktop/javax.swing.plaf.basic.BasicButtonListener.mouseReleased(BasicButtonListener.java:279)
	at java.desktop/java.awt.Component.processMouseEvent(Component.java:6576)
	at java.desktop/javax.swing.JComponent.processMouseEvent(JComponent.java:3404)
	at java.desktop/java.awt.Component.processEvent(Component.java:6341)
	at java.desktop/java.awt.Container.processEvent(Container.java:2260)
	at java.desktop/java.awt.Component.dispatchEventImpl(Component.java:4958)
	at java.desktop/java.awt.Container.dispatchEventImpl(Container.java:2318)
	at java.desktop/java.awt.Component.dispatchEvent(Component.java:4790)
	at java.desktop/java.awt.LightweightDispatcher.retargetMouseEvent(Container.java:4916)
	at java.desktop/java.awt.LightweightDispatcher.processMouseEvent(Container.java:4559)
	at java.desktop/java.awt.LightweightDispatcher.dispatchEvent(Container.java:4500)
	at java.desktop/java.awt.Container.dispatchEventImpl(Container.java:2304)
	at java.desktop/java.awt.Window.dispatchEventImpl(Window.java:2671)
	at java.desktop/java.awt.Component.dispatchEvent(Component.java:4790)
	at java.desktop/java.awt.EventQueue.dispatchEventImpl(EventQueue.java:725)
	at java.desktop/java.awt.EventQueue.dispatchEvent(EventQueue.java:702)
	at java.desktop/java.awt.EventDispatchThread.pumpOneEventForFilters(EventDispatchThread.java:203)
	at java.desktop/java.awt.EventDispatchThread.pumpEventsForFilter(EventDispatchThread.java:124)
	at java.desktop/java.awt.EventDispatchThread.pumpEventsForHierarchy(EventDispatchThread.java:113)
	at java.desktop/java.awt.EventDispatchThread.pumpEvents(EventDispatchThread.java:109)
	at java.desktop/java.awt.EventDispatchThread.pumpEvents(EventDispatchThread.java:101)
	at java.desktop/java.awt.EventDispatchThread.run(EventDispatchThread.java:90)
Caused by: ERROR XJ041: Failed to create database 'DerbyDB/Wellness_Management_db', see the next exception for details.
	at org.apache.derby.shared.common.error.StandardException.newException(StandardException.java:299)
	at org.apache.derby.impl.jdbc.SQLExceptionFactory.wrapArgsForTransportAcrossDRDA(SQLExceptionFactory.java:170)
	at org.apache.derby.impl.jdbc.SQLExceptionFactory.getSQLException(SQLExceptionFactory.java:75)
	... 41 more
Caused by: ERROR XBM0J: Directory C:\Users\USER-PC\Documents\Belgium Campus\Year 3\PRG 381\Project\NetBeansForms\student-wellness-m2\DerbyDB\Wellness_Management_db already exists.
	at org.apache.derby.shared.common.error.StandardException.newException(StandardException.java:299)
	at org.apache.derby.shared.common.error.StandardException.newException(StandardException.java:294)
	at org.apache.derby.impl.services.monitor.StorageFactoryService.createServiceRoot(StorageFactoryService.java:719)
	at org.apache.derby.impl.services.monitor.BaseMonitor.bootService(BaseMonitor.java:1742)
	at org.apache.derby.impl.services.monitor.BaseMonitor.createPersistentService(BaseMonitor.java:1011)
	at org.apache.derby.impl.services.monitor.FileMonitor.createPersistentService(FileMonitor.java:45)
	at org.apache.derby.iapi.services.monitor.Monitor.createPersistentService(Monitor.java:650)
	at org.apache.derby.impl.jdbc.EmbedConnection.createPersistentService(EmbedConnection.java:4004)
	at org.apache.derby.impl.jdbc.EmbedConnection.createDatabase(EmbedConnection.java:2649)
	... 38 more
============= begin nested exception, level (1) ===========
java.sql.SQLException: Directory C:\Users\USER-PC\Documents\Belgium Campus\Year 3\PRG 381\Project\NetBeansForms\student-wellness-m2\DerbyDB\Wellness_Management_db already exists.
	at org.apache.derby.impl.jdbc.SQLExceptionFactory.getSQLException(SQLExceptionFactory.java:115)
	at org.apache.derby.impl.jdbc.Util.generateCsSQLException(Util.java:230)
	at org.apache.derby.impl.jdbc.TransactionResourceImpl.wrapInSQLException(TransactionResourceImpl.java:431)
	at org.apache.derby.impl.jdbc.TransactionResourceImpl.handleException(TransactionResourceImpl.java:360)
	at org.apache.derby.impl.jdbc.EmbedConnection.handleException(EmbedConnection.java:2400)
	at org.apache.derby.impl.jdbc.EmbedConnection.createDatabase(EmbedConnection.java:2657)
	at org.apache.derby.impl.jdbc.EmbedConnection.<init>(EmbedConnection.java:430)
	at org.apache.derby.iapi.jdbc.InternalDriver.getNewEmbedConnection(InternalDriver.java:629)
	at org.apache.derby.iapi.jdbc.InternalDriver.connect(InternalDriver.java:295)
	at org.apache.derby.iapi.jdbc.InternalDriver.connect(InternalDriver.java:921)
	at org.apache.derby.iapi.jdbc.AutoloadedDriver.connect(AutoloadedDriver.java:132)
	at java.sql/java.sql.DriverManager.getConnection(DriverManager.java:613)
	at java.sql/java.sql.DriverManager.getConnection(DriverManager.java:222)
	at Database.DBConnection.getConnection(Unknown Source)
	at View.MainNavigation.Feedback.ViewFeedback.loadFeedbackTable(Unknown Source)
	at View.MainNavigation.Feedback.ViewFeedback.<init>(Unknown Source)
	at View.MainNavigation.MainNavigation.ViewFeedback(Unknown Source)
	at View.MainNavigation.MainNavigation$7.actionPerformed(Unknown Source)
	at java.desktop/javax.swing.AbstractButton.fireActionPerformed(AbstractButton.java:1972)
	at java.desktop/javax.swing.AbstractButton$Handler.actionPerformed(AbstractButton.java:2314)
	at java.desktop/javax.swing.DefaultButtonModel.fireActionPerformed(DefaultButtonModel.java:407)
	at java.desktop/javax.swing.DefaultButtonModel.setPressed(DefaultButtonModel.java:262)
	at java.desktop/javax.swing.plaf.basic.BasicButtonListener.mouseReleased(BasicButtonListener.java:279)
	at java.desktop/java.awt.Component.processMouseEvent(Component.java:6576)
	at java.desktop/javax.swing.JComponent.processMouseEvent(JComponent.java:3404)
	at java.desktop/java.awt.Component.processEvent(Component.java:6341)
	at java.desktop/java.awt.Container.processEvent(Container.java:2260)
	at java.desktop/java.awt.Component.dispatchEventImpl(Component.java:4958)
	at java.desktop/java.awt.Container.dispatchEventImpl(Container.java:2318)
	at java.desktop/java.awt.Component.dispatchEvent(Component.java:4790)
	at java.desktop/java.awt.LightweightDispatcher.retargetMouseEvent(Container.java:4916)
	at java.desktop/java.awt.LightweightDispatcher.processMouseEvent(Container.java:4559)
	at java.desktop/java.awt.LightweightDispatcher.dispatchEvent(Container.java:4500)
	at java.desktop/java.awt.Container.dispatchEventImpl(Container.java:2304)
	at java.desktop/java.awt.Window.dispatchEventImpl(Window.java:2671)
	at java.desktop/java.awt.Component.dispatchEvent(Component.java:4790)
	at java.desktop/java.awt.EventQueue.dispatchEventImpl(EventQueue.java:725)
	at java.desktop/java.awt.EventQueue.dispatchEvent(EventQueue.java:702)
	at java.desktop/java.awt.EventDispatchThread.pumpOneEventForFilters(EventDispatchThread.java:203)
	at java.desktop/java.awt.EventDispatchThread.pumpEventsForFilter(EventDispatchThread.java:124)
	at java.desktop/java.awt.EventDispatchThread.pumpEventsForHierarchy(EventDispatchThread.java:113)
	at java.desktop/java.awt.EventDispatchThread.pumpEvents(EventDispatchThread.java:109)
	at java.desktop/java.awt.EventDispatchThread.pumpEvents(EventDispatchThread.java:101)
	at java.desktop/java.awt.EventDispatchThread.run(EventDispatchThread.java:90)
Caused by: ERROR XBM0J: Directory C:\Users\USER-PC\Documents\Belgium Campus\Year 3\PRG 381\Project\NetBeansForms\student-wellness-m2\DerbyDB\Wellness_Management_db already exists.
	at org.apache.derby.shared.common.error.StandardException.newException(StandardException.java:299)
	at org.apache.derby.shared.common.error.StandardException.newException(StandardException.java:294)
	at org.apache.derby.impl.services.monitor.StorageFactoryService.createServiceRoot(StorageFactoryService.java:719)
	at org.apache.derby.impl.services.monitor.BaseMonitor.bootService(BaseMonitor.java:1742)
	at org.apache.derby.impl.services.monitor.BaseMonitor.createPersistentService(BaseMonitor.java:1011)
	at org.apache.derby.impl.services.monitor.FileMonitor.createPersistentService(FileMonitor.java:45)
	at org.apache.derby.iapi.services.monitor.Monitor.createPersistentService(Monitor.java:650)
	at org.apache.derby.impl.jdbc.EmbedConnection.createPersistentService(EmbedConnection.java:4004)
	at org.apache.derby.impl.jdbc.EmbedConnection.createDatabase(EmbedConnection.java:2649)
	... 38 more
============= end nested exception, level (1) ===========
============= begin nested exception, level (2) ===========
ERROR XBM0J: Directory C:\Users\USER-PC\Documents\Belgium Campus\Year 3\PRG 381\Project\NetBeansForms\student-wellness-m2\DerbyDB\Wellness_Management_db already exists.
	at org.apache.derby.shared.common.error.StandardException.newException(StandardException.java:299)
	at org.apache.derby.shared.common.error.StandardException.newException(StandardException.java:294)
	at org.apache.derby.impl.services.monitor.StorageFactoryService.createServiceRoot(StorageFactoryService.java:719)
	at org.apache.derby.impl.services.monitor.BaseMonitor.bootService(BaseMonitor.java:1742)
	at org.apache.derby.impl.services.monitor.BaseMonitor.createPersistentService(BaseMonitor.java:1011)
	at org.apache.derby.impl.services.monitor.FileMonitor.createPersistentService(FileMonitor.java:45)
	at org.apache.derby.iapi.services.monitor.Monitor.createPersistentService(Monitor.java:650)
	at org.apache.derby.impl.jdbc.EmbedConnection.createPersistentService(EmbedConnection.java:4004)
	at org.apache.derby.impl.jdbc.EmbedConnection.createDatabase(EmbedConnection.java:2649)
	at org.apache.derby.impl.jdbc.EmbedConnection.<init>(EmbedConnection.java:430)
	at org.apache.derby.iapi.jdbc.InternalDriver.getNewEmbedConnection(InternalDriver.java:629)
	at org.apache.derby.iapi.jdbc.InternalDriver.connect(InternalDriver.java:295)
	at org.apache.derby.iapi.jdbc.InternalDriver.connect(InternalDriver.java:921)
	at org.apache.derby.iapi.jdbc.AutoloadedDriver.connect(AutoloadedDriver.java:132)
	at java.sql/java.sql.DriverManager.getConnection(DriverManager.java:613)
	at java.sql/java.sql.DriverManager.getConnection(DriverManager.java:222)
	at Database.DBConnection.getConnection(Unknown Source)
	at View.MainNavigation.Feedback.ViewFeedback.loadFeedbackTable(Unknown Source)
	at View.MainNavigation.Feedback.ViewFeedback.<init>(Unknown Source)
	at View.MainNavigation.MainNavigation.ViewFeedback(Unknown Source)
	at View.MainNavigation.MainNavigation$7.actionPerformed(Unknown Source)
	at java.desktop/javax.swing.AbstractButton.fireActionPerformed(AbstractButton.java:1972)
	at java.desktop/javax.swing.AbstractButton$Handler.actionPerformed(AbstractButton.java:2314)
	at java.desktop/javax.swing.DefaultButtonModel.fireActionPerformed(DefaultButtonModel.java:407)
	at java.desktop/javax.swing.DefaultButtonModel.setPressed(DefaultButtonModel.java:262)
	at java.desktop/javax.swing.plaf.basic.BasicButtonListener.mouseReleased(BasicButtonListener.java:279)
	at java.desktop/java.awt.Component.processMouseEvent(Component.java:6576)
	at java.desktop/javax.swing.JComponent.processMouseEvent(JComponent.java:3404)
	at java.desktop/java.awt.Component.processEvent(Component.java:6341)
	at java.desktop/java.awt.Container.processEvent(Container.java:2260)
	at java.desktop/java.awt.Component.dispatchEventImpl(Component.java:4958)
	at java.desktop/java.awt.Container.dispatchEventImpl(Container.java:2318)
	at java.desktop/java.awt.Component.dispatchEvent(Component.java:4790)
	at java.desktop/java.awt.LightweightDispatcher.retargetMouseEvent(Container.java:4916)
	at java.desktop/java.awt.LightweightDispatcher.processMouseEvent(Container.java:4559)
	at java.desktop/java.awt.LightweightDispatcher.dispatchEvent(Container.java:4500)
	at java.desktop/java.awt.Container.dispatchEventImpl(Container.java:2304)
	at java.desktop/java.awt.Window.dispatchEventImpl(Window.java:2671)
	at java.desktop/java.awt.Component.dispatchEvent(Component.java:4790)
	at java.desktop/java.awt.EventQueue.dispatchEventImpl(EventQueue.java:725)
	at java.desktop/java.awt.EventQueue.dispatchEvent(EventQueue.java:702)
	at java.desktop/java.awt.EventDispatchThread.pumpOneEventForFilters(EventDispatchThread.java:203)
	at java.desktop/java.awt.EventDispatchThread.pumpEventsForFilter(EventDispatchThread.java:124)
	at java.desktop/java.awt.EventDispatchThread.pumpEventsForHierarchy(EventDispatchThread.java:113)
	at java.desktop/java.awt.EventDispatchThread.pumpEvents(EventDispatchThread.java:109)
	at java.desktop/java.awt.EventDispatchThread.pumpEvents(EventDispatchThread.java:101)
	at java.desktop/java.awt.EventDispatchThread.run(EventDispatchThread.java:90)
============= end nested exception, level (2) ===========
Cleanup action completed
